[[1;34mINFO[m] Scanning for projects...
[[1;34mINFO[m] 
[[1;34mINFO[m] [1m--------------< [0;36mbr.com.myaccounts:my-finance-account-ms[0;1m >---------------[m
[[1;34mINFO[m] [1mBuilding my-finance-account-ms 0.0.1-SNAPSHOT[m
[[1;34mINFO[m] [1m--------------------------------[ jar ]---------------------------------[m
[[1;34mINFO[m] 
[[1;34mINFO[m] [1m>>> [0;32mspring-boot-maven-plugin:3.4.7:run[m [1m(default-cli)[0;1m > [0;1mtest-compile[m @ [36mmy-finance-account-ms[0;1m >>>[m
[[1;34mINFO[m] 
[[1;34mINFO[m] [1m--- [0;32mjacoco-maven-plugin:0.8.8:prepare-agent[m [1m(default)[m @ [36mmy-finance-account-ms[0;1m ---[m
[[1;34mINFO[m] argLine set to -javaagent:/home/guilherme-araujo/.m2/repository/org/jacoco/org.jacoco.agent/0.8.8/org.jacoco.agent-0.8.8-runtime.jar=destfile=/home/guilherme-araujo/ProjetosPessoais/my-finance-account-ms/target/jacoco.exec
[[1;34mINFO[m] 
[[1;34mINFO[m] [1m--- [0;32mmaven-resources-plugin:3.3.1:resources[m [1m(default-resources)[m @ [36mmy-finance-account-ms[0;1m ---[m
[[1;34mINFO[m] Copying 1 resource from src/main/resources to target/classes
[[1;34mINFO[m] Copying 5 resources from src/main/resources to target/classes
[[1;34mINFO[m] 
[[1;34mINFO[m] [1m--- [0;32mmaven-compiler-plugin:3.13.0:compile[m [1m(default-compile)[m @ [36mmy-finance-account-ms[0;1m ---[m
[[1;34mINFO[m] Nothing to compile - all classes are up to date.
[[1;34mINFO[m] 
[[1;34mINFO[m] [1m--- [0;32mmaven-resources-plugin:3.3.1:testResources[m [1m(default-testResources)[m @ [36mmy-finance-account-ms[0;1m ---[m
[[1;34mINFO[m] skip non existing resourceDirectory /home/guilherme-araujo/ProjetosPessoais/my-finance-account-ms/src/test/resources
[[1;34mINFO[m] 
[[1;34mINFO[m] [1m--- [0;32mmaven-compiler-plugin:3.13.0:testCompile[m [1m(default-testCompile)[m @ [36mmy-finance-account-ms[0;1m ---[m
[[1;34mINFO[m] Recompiling the module because of [1mchanged source code[m.
[[1;34mINFO[m] Compiling 1 source file with javac [debug parameters release 21] to target/test-classes
[[1;34mINFO[m] 
[[1;34mINFO[m] [1m<<< [0;32mspring-boot-maven-plugin:3.4.7:run[m [1m(default-cli)[0;1m < [0;1mtest-compile[m @ [36mmy-finance-account-ms[0;1m <<<[m
[[1;34mINFO[m] 
[[1;34mINFO[m] 
[[1;34mINFO[m] [1m--- [0;32mspring-boot-maven-plugin:3.4.7:run[m [1m(default-cli)[m @ [36mmy-finance-account-ms[0;1m ---[m
[[1;34mINFO[m] Attaching agents: []

  .   ____          _            __ _ _
 /\\ / ___'_ __ _ _(_)_ __  __ _ \ \ \ \
( ( )\___ | '_ | '_| | '_ \/ _` | \ \ \ \
 \\/  ___)| |_)| | | | | || (_| |  ) ) ) )
  '  |____| .__|_| |_|_| |_\__, | / / / /
 =========|_|==============|___/=/_/_/_/

 :: Spring Boot ::                (v3.4.7)

2025-07-18T20:21:48.064-03:00  INFO 53763 --- [my-finance-account-ms] [           main] b.c.m.m.MyFinanceAccountMsApplication    : Starting MyFinanceAccountMsApplication using Java 21.0.7 with PID 53763 (/home/guilherme-araujo/ProjetosPessoais/my-finance-account-ms/target/classes started by guilherme-araujo in /home/guilherme-araujo/ProjetosPessoais/my-finance-account-ms)
2025-07-18T20:21:48.066-03:00  INFO 53763 --- [my-finance-account-ms] [           main] b.c.m.m.MyFinanceAccountMsApplication    : No active profile set, falling back to 1 default profile: "default"
2025-07-18T20:21:48.585-03:00  INFO 53763 --- [my-finance-account-ms] [           main] .s.d.r.c.RepositoryConfigurationDelegate : Bootstrapping Spring Data JPA repositories in DEFAULT mode.
2025-07-18T20:21:48.629-03:00  INFO 53763 --- [my-finance-account-ms] [           main] .s.d.r.c.RepositoryConfigurationDelegate : Finished Spring Data repository scanning in 39 ms. Found 4 JPA repository interfaces.
2025-07-18T20:21:48.939-03:00  INFO 53763 --- [my-finance-account-ms] [           main] o.s.b.w.embedded.tomcat.TomcatWebServer  : Tomcat initialized with port 8081 (http)
2025-07-18T20:21:48.948-03:00  INFO 53763 --- [my-finance-account-ms] [           main] o.apache.catalina.core.StandardService   : Starting service [Tomcat]
2025-07-18T20:21:48.949-03:00  INFO 53763 --- [my-finance-account-ms] [           main] o.apache.catalina.core.StandardEngine    : Starting Servlet engine: [Apache Tomcat/10.1.42]
2025-07-18T20:21:48.977-03:00  INFO 53763 --- [my-finance-account-ms] [           main] o.a.c.c.C.[Tomcat].[localhost].[/]       : Initializing Spring embedded WebApplicationContext
2025-07-18T20:21:48.977-03:00  INFO 53763 --- [my-finance-account-ms] [           main] w.s.c.ServletWebServerApplicationContext : Root WebApplicationContext: initialization completed in 884 ms
2025-07-18T20:21:49.141-03:00  INFO 53763 --- [my-finance-account-ms] [           main] com.zaxxer.hikari.HikariDataSource       : HikariPool-1 - Starting...
2025-07-18T20:21:49.251-03:00  INFO 53763 --- [my-finance-account-ms] [           main] com.zaxxer.hikari.pool.HikariPool        : HikariPool-1 - Added connection org.postgresql.jdbc.PgConnection@6d294ddc
2025-07-18T20:21:49.252-03:00  INFO 53763 --- [my-finance-account-ms] [           main] com.zaxxer.hikari.HikariDataSource       : HikariPool-1 - Start completed.
2025-07-18T20:21:49.271-03:00  INFO 53763 --- [my-finance-account-ms] [           main] org.flywaydb.core.FlywayExecutor         : Database: jdbc:postgresql://localhost:5432/my_finance_account (PostgreSQL 16.9)
2025-07-18T20:21:49.305-03:00  INFO 53763 --- [my-finance-account-ms] [           main] o.f.core.internal.command.DbValidate     : Successfully validated 5 migrations (execution time 00:00.019s)
2025-07-18T20:21:49.334-03:00  INFO 53763 --- [my-finance-account-ms] [           main] o.f.core.internal.command.DbMigrate      : Current version of schema "public": 202501301328
2025-07-18T20:21:49.336-03:00  INFO 53763 --- [my-finance-account-ms] [           main] o.f.core.internal.command.DbMigrate      : Schema "public" is up to date. No migration necessary.
2025-07-18T20:21:49.390-03:00  INFO 53763 --- [my-finance-account-ms] [           main] o.hibernate.jpa.internal.util.LogHelper  : HHH000204: Processing PersistenceUnitInfo [name: default]
2025-07-18T20:21:49.417-03:00  INFO 53763 --- [my-finance-account-ms] [           main] org.hibernate.Version                    : HHH000412: Hibernate ORM core version 6.6.18.Final
2025-07-18T20:21:49.435-03:00  INFO 53763 --- [my-finance-account-ms] [           main] o.h.c.internal.RegionFactoryInitiator    : HHH000026: Second-level cache disabled
2025-07-18T20:21:49.581-03:00  INFO 53763 --- [my-finance-account-ms] [           main] o.s.o.j.p.SpringPersistenceUnitInfo      : No LoadTimeWeaver setup: ignoring JPA class transformer
2025-07-18T20:21:49.615-03:00  WARN 53763 --- [my-finance-account-ms] [           main] org.hibernate.orm.deprecation            : HHH90000025: PostgreSQLDialect does not need to be specified explicitly using 'hibernate.dialect' (remove the property setting and it will be selected by default)
2025-07-18T20:21:49.624-03:00  INFO 53763 --- [my-finance-account-ms] [           main] org.hibernate.orm.connections.pooling    : HHH10001005: Database info:
	Database JDBC URL [Connecting through datasource 'HikariDataSource (HikariPool-1)']
	Database driver: undefined/unknown
	Database version: 16.9
	Autocommit mode: undefined/unknown
	Isolation level: undefined/unknown
	Minimum pool size: undefined/unknown
	Maximum pool size: undefined/unknown
2025-07-18T20:21:50.235-03:00  INFO 53763 --- [my-finance-account-ms] [           main] o.h.e.t.j.p.i.JtaPlatformInitiator       : HHH000489: No JTA platform available (set 'hibernate.transaction.jta.platform' to enable JTA platform integration)
2025-07-18T20:21:50.261-03:00  INFO 53763 --- [my-finance-account-ms] [           main] j.LocalContainerEntityManagerFactoryBean : Initialized JPA EntityManagerFactory for persistence unit 'default'
2025-07-18T20:21:50.414-03:00  INFO 53763 --- [my-finance-account-ms] [           main] o.s.d.j.r.query.QueryEnhancerFactory     : Hibernate is in classpath; If applicable, HQL parser will be used.
2025-07-18T20:21:51.351-03:00  WARN 53763 --- [my-finance-account-ms] [           main] JpaBaseConfiguration$JpaWebConfiguration : spring.jpa.open-in-view is enabled by default. Therefore, database queries may be performed during view rendering. Explicitly configure spring.jpa.open-in-view to disable this warning
2025-07-18T20:21:51.630-03:00  INFO 53763 --- [my-finance-account-ms] [           main] o.s.b.w.embedded.tomcat.TomcatWebServer  : Tomcat started on port 8081 (http) with context path '/'
2025-07-18T20:21:51.638-03:00  INFO 53763 --- [my-finance-account-ms] [           main] b.c.m.m.MyFinanceAccountMsApplication    : Started MyFinanceAccountMsApplication in 3.824 seconds (process running for 4.013)
2025-07-18T20:22:15.706-03:00  INFO 53763 --- [my-finance-account-ms] [nio-8081-exec-1] o.a.c.c.C.[Tomcat].[localhost].[/]       : Initializing Spring DispatcherServlet 'dispatcherServlet'
2025-07-18T20:22:15.706-03:00  INFO 53763 --- [my-finance-account-ms] [nio-8081-exec-1] o.s.web.servlet.DispatcherServlet        : Initializing Servlet 'dispatcherServlet'
2025-07-18T20:22:15.707-03:00  INFO 53763 --- [my-finance-account-ms] [nio-8081-exec-1] o.s.web.servlet.DispatcherServlet        : Completed initialization in 1 ms
2025-07-18T20:22:20.352-03:00  INFO 53763 --- [my-finance-account-ms] [nio-8081-exec-2] o.springdoc.api.AbstractOpenApiResource  : Init duration for springdoc-openapi is: 393 ms
